<?xml version="1.0" encoding="UTF-8"?>
<!-- Generated by org.testng.reporters.JUnitReportReporter -->
<testsuite skipped="0" hostname="DESKTOP-FHE84AM" name="testNG.ExcelReadWrite" tests="1" failures="0" timestamp="07 May 2019 17:00:18 GMT" time="1.268" errors="0">
  <testcase name="Excel" time="1.268" classname="testNG.ExcelReadWrite"/>
</testsuite> <!-- testNG.ExcelReadWrite -->
