<?xml version="1.0" encoding="UTF-8"?>
<!-- Generated by org.testng.reporters.JUnitReportReporter -->
<testsuite skipped="0" hostname="DESKTOP-FHE84AM" name="testNG.MouseHoverElement" tests="1" failures="0" timestamp="14 May 2019 02:25:40 GMT" time="26.103" errors="0">
  <testcase name="mouseHover" time="26.103" classname="testNG.MouseHoverElement"/>
</testsuite> <!-- testNG.MouseHoverElement -->
