<?xml version="1.0" encoding="UTF-8"?>
<!-- Generated by org.testng.reporters.JUnitReportReporter -->
<testsuite skipped="0" hostname="DESKTOP-FHE84AM" name="testNG.LoginTest" tests="2" failures="0" timestamp="25 Apr 2019 01:29:58 GMT" time="0.019" errors="0">
  <testcase name="login" time="0.013" classname="testNG.LoginTest"/>
  <testcase name="logout" time="0.006" classname="testNG.LoginTest"/>
</testsuite> <!-- testNG.LoginTest -->
