<?xml version="1.0" encoding="UTF-8"?>
<!-- Generated by org.testng.reporters.JUnitReportReporter -->
<testsuite skipped="0" hostname="DESKTOP-FHE84AM" name="pajeobjectmodel.Testcaseclass" tests="1" failures="0" timestamp="14 May 2019 01:09:43 GMT" time="15.575" errors="0">
  <testcase name="verifylogin" time="15.575" classname="pajeobjectmodel.Testcaseclass"/>
</testsuite> <!-- pajeobjectmodel.Testcaseclass -->
